

*******************************************************************************
Fri Sep 28 10:46:04 2012


FIT:    data read from "pt2.dat" u 1:2
        format = x:z
	y range restricted to [0.00000 : 360.000]
        #datapoints = 91
        residuals are weighted equally (unit weight)

function used for fitting: c(x)
fitted parameters initialized with current variable values



 Iteration 0
 WSSR        : 1.45316e+10       delta(WSSR)/WSSR   : 0
 delta(WSSR) : 0                 limit for stopping : 1e-05
 lambda	  : 662.931

initial set of free parameter values

A               = 48000
d               = 40000
eps             = 23
r               = 105
beta            = 80

After 6 iterations the fit converged.
final sum of squares of residuals : 8.33781e+07
rel. change during last iteration : -1.25941e-09

degrees of freedom    (FIT_NDF)                        : 86
rms of residuals      (FIT_STDFIT) = sqrt(WSSR/ndf)    : 984.638
variance of residuals (reduced chisquare) = WSSR/ndf   : 969512

Final set of parameters            Asymptotic Standard Error
=======================            ==========================

A               = 48008.8          +/- 145.6        (0.3032%)
d               = 39240            +/- 174          (0.4434%)
eps             = 22.8292          +/- 0.1264       (0.5535%)
r               = 104.933          +/- 0.3304       (0.3149%)
beta            = 90.6962          +/- 0.08815      (0.09719%)


correlation matrix of the fit parameters:

               A      d      eps    r      beta   
A               1.000 
d              -0.775  1.000 
eps             0.011  0.173  1.000 
r               0.032 -0.132  0.056  1.000 
beta           -0.010  0.039 -0.027 -0.042  1.000 


*******************************************************************************
Fri Sep 28 10:47:07 2012


FIT:    data read from "pt2.dat" u 1:3
        format = x:z
	y range restricted to [0.00000 : 360.000]
        #datapoints = 91
        residuals are weighted equally (unit weight)

function used for fitting: s(x)
fitted parameters initialized with current variable values



 Iteration 0
 WSSR        : 1.02694e+10       delta(WSSR)/WSSR   : 0
 delta(WSSR) : 0                 limit for stopping : 1e-05
 lambda	  : 665.982

initial set of free parameter values

A               = 48008.8
d               = 105000
eps             = 22.8292
r               = 104.933
beta            = 90.6962

After 6 iterations the fit converged.
final sum of squares of residuals : 9.63239e+08
rel. change during last iteration : -1.81225e-11

degrees of freedom    (FIT_NDF)                        : 86
rms of residuals      (FIT_STDFIT) = sqrt(WSSR/ndf)    : 3346.71
variance of residuals (reduced chisquare) = WSSR/ndf   : 1.12005e+07

Final set of parameters            Asymptotic Standard Error
=======================            ==========================

A               = 54093.1          +/- 494.8        (0.9148%)
d               = 107346           +/- 650.1        (0.6056%)
eps             = 22.9501          +/- 0.381        (1.66%)
r               = 103.118          +/- 0.9929       (0.9629%)
beta            = 89.2836          +/- 0.2659       (0.2979%)


correlation matrix of the fit parameters:

               A      d      eps    r      beta   
A               1.000 
d              -0.818  1.000 
eps             0.010 -0.175  1.000 
r               0.033  0.068  0.055  1.000 
beta           -0.011 -0.019 -0.027 -0.043  1.000 


*******************************************************************************
Fri Sep 28 10:48:11 2012


FIT:    data read from "pt2.dat" u 1:4
        format = x:z
	y range restricted to [0.00000 : 360.000]
        #datapoints = 91
        residuals are weighted equally (unit weight)

function used for fitting: c(x)
fitted parameters initialized with current variable values



 Iteration 0
 WSSR        : 1.18195e+09       delta(WSSR)/WSSR   : 0
 delta(WSSR) : 0                 limit for stopping : 1e-05
 lambda	  : 139.855

initial set of free parameter values

A               = 10000
d               = 12000
eps             = 22.9501
r               = -76.8818
beta            = 20

After 6 iterations the fit converged.
final sum of squares of residuals : 1.30643e+08
rel. change during last iteration : -1.76058e-06

degrees of freedom    (FIT_NDF)                        : 86
rms of residuals      (FIT_STDFIT) = sqrt(WSSR/ndf)    : 1232.52
variance of residuals (reduced chisquare) = WSSR/ndf   : 1.51911e+06

Final set of parameters            Asymptotic Standard Error
=======================            ==========================

A               = 8200.11          +/- 183.4        (2.237%)
d               = 11561.6          +/- 234.9        (2.031%)
eps             = 18.4476          +/- 0.916        (4.965%)
r               = -75.2816         +/- 2.884        (3.831%)
beta            = 27.5986          +/- 0.6389       (2.315%)


correlation matrix of the fit parameters:

               A      d      eps    r      beta   
A               1.000 
d              -0.820  1.000 
eps             0.005 -0.147  1.000 
r              -0.004 -0.055 -0.051  1.000 
beta            0.011  0.018  0.006 -0.049  1.000 


*******************************************************************************
Fri Sep 28 10:48:51 2012


FIT:    data read from "pt2.dat" u 1:5
        format = x:z
	y range restricted to [0.00000 : 360.000]
        #datapoints = 91
        residuals are weighted equally (unit weight)

function used for fitting: s(x)
fitted parameters initialized with current variable values



 Iteration 0
 WSSR        : 1.63965e+09       delta(WSSR)/WSSR   : 0
 delta(WSSR) : 0                 limit for stopping : 1e-05
 lambda	  : 113.57

initial set of free parameter values

A               = 8200.11
d               = 11561.6
eps             = 18.4476
r               = -75.2816
beta            = 27.5986

After 7 iterations the fit converged.
final sum of squares of residuals : 4.99402e+08
rel. change during last iteration : -2.72218e-06

degrees of freedom    (FIT_NDF)                        : 86
rms of residuals      (FIT_STDFIT) = sqrt(WSSR/ndf)    : 2409.77
variance of residuals (reduced chisquare) = WSSR/ndf   : 5.807e+06

Final set of parameters            Asymptotic Standard Error
=======================            ==========================

A               = 7250.28          +/- 358.6        (4.945%)
d               = 15832.2          +/- 427.9        (2.703%)
eps             = 21.4684          +/- 2.01         (9.363%)
r               = -59.884          +/- 5.642        (9.422%)
beta            = 22.2304          +/- 1.417        (6.375%)


correlation matrix of the fit parameters:

               A      d      eps    r      beta   
A               1.000 
d              -0.782  1.000 
eps             0.001  0.185  1.000 
r               0.023 -0.087  0.010  1.000 
beta            0.002  0.004 -0.032 -0.065  1.000 


*******************************************************************************
Fri Sep 28 10:50:30 2012


FIT:    data read from 'phiplus.dat'
        format = z
	y range restricted to [0.00000 : 360.000]
        #datapoints = 100
        residuals are weighted equally (unit weight)

function used for fitting: lin(x)
fitted parameters initialized with current variable values



 Iteration 0
 WSSR        : 3242.91           delta(WSSR)/WSSR   : 0
 delta(WSSR) : 0                 limit for stopping : 1e-05
 lambda	  : 1

initial set of free parameter values

c               = 52

After 3 iterations the fit converged.
final sum of squares of residuals : 258.026
rel. change during last iteration : -1.13338e-11

degrees of freedom    (FIT_NDF)                        : 99
rms of residuals      (FIT_STDFIT) = sqrt(WSSR/ndf)    : 1.61441
variance of residuals (reduced chisquare) = WSSR/ndf   : 2.60633

Final set of parameters            Asymptotic Standard Error
=======================            ==========================

c               = 57.4634          +/- 0.1614       (0.2809%)


correlation matrix of the fit parameters:

               c      
c               1.000 


*******************************************************************************
Fri Sep 28 10:50:30 2012


FIT:    data read from 'phiminus.dat'
        format = z
	y range restricted to [0.00000 : 360.000]
        #datapoints = 100
        residuals are weighted equally (unit weight)

function used for fitting: f(x)
fitted parameters initialized with current variable values



 Iteration 0
 WSSR        : 19027.9           delta(WSSR)/WSSR   : 0
 delta(WSSR) : 0                 limit for stopping : 1e-05
 lambda	  : 0.709618

initial set of free parameter values

A               = 10
d               = -30
x0              = 280

After 5 iterations the fit converged.
final sum of squares of residuals : 1.50047e-07
rel. change during last iteration : -1.01985e-09

degrees of freedom    (FIT_NDF)                        : 97
rms of residuals      (FIT_STDFIT) = sqrt(WSSR/ndf)    : 3.93304e-05
variance of residuals (reduced chisquare) = WSSR/ndf   : 1.54688e-09

Final set of parameters            Asymptotic Standard Error
=======================            ==========================

A               = 10.6345          +/- 5.585e-06    (5.252e-05%)
d               = -16.2687         +/- 3.933e-06    (2.418e-05%)
x0              = 288.187          +/- 2.985e-05    (1.036e-05%)


correlation matrix of the fit parameters:

               A      d      x0     
A               1.000 
d              -0.004  1.000 
x0             -0.003 -0.013  1.000 
