

*******************************************************************************
Mon Sep  3 15:28:56 2012


FIT:    data read from "pt2.dat" u 1:2
        format = x:z
	y range restricted to [0.00000 : 360.000]
        #datapoints = 91
        residuals are weighted equally (unit weight)

function used for fitting: c(x)
fitted parameters initialized with current variable values



 Iteration 0
 WSSR        : 6.32024e+09       delta(WSSR)/WSSR   : 0
 delta(WSSR) : 0                 limit for stopping : 1e-05
 lambda	  : 206.879

initial set of free parameter values

A               = 15000
d               = 150000
beta            = 90
r               = 120
eps             = 24

After 10 iterations the fit converged.
final sum of squares of residuals : 1.48725e+09
rel. change during last iteration : -8.20835e-06

degrees of freedom    (FIT_NDF)                        : 86
rms of residuals      (FIT_STDFIT) = sqrt(WSSR/ndf)    : 4158.55
variance of residuals (reduced chisquare) = WSSR/ndf   : 1.72935e+07

Final set of parameters            Asymptotic Standard Error
=======================            ==========================

A               = 6571.24          +/- 614          (9.344%)
d               = 160338           +/- 727.1        (0.4535%)
beta            = 105.38           +/- 2.736        (2.596%)
r               = 115.006          +/- 9.338        (8.12%)
eps             = 25.5817          +/- 3.894        (15.22%)


correlation matrix of the fit parameters:

               A      d      beta   r      eps    
A               1.000 
d              -0.764  1.000 
beta           -0.005  0.027  1.000 
r               0.024 -0.096 -0.068  1.000 
eps            -0.001  0.219 -0.030  0.052  1.000 


*******************************************************************************
Mon Sep  3 15:29:50 2012


FIT:    data read from "pt2.dat" u 1:3
        format = x:z
	y range restricted to [0.00000 : 360.000]
        #datapoints = 91
        residuals are weighted equally (unit weight)

function used for fitting: s(x)
fitted parameters initialized with current variable values



 Iteration 0
 WSSR        : 1.01064e+09       delta(WSSR)/WSSR   : 0
 delta(WSSR) : 0                 limit for stopping : 1e-05
 lambda	  : 91.811

initial set of free parameter values

A               = 6571.24
d               = 2000
beta            = 105.38
r               = 115.006
eps             = 25.5817

After 5 iterations the fit converged.
final sum of squares of residuals : 3.58152e+06
rel. change during last iteration : -2.58649e-06

degrees of freedom    (FIT_NDF)                        : 86
rms of residuals      (FIT_STDFIT) = sqrt(WSSR/ndf)    : 204.073
variance of residuals (reduced chisquare) = WSSR/ndf   : 41645.6

Final set of parameters            Asymptotic Standard Error
=======================            ==========================

A               = 7059.25          +/- 30.13        (0.4268%)
d               = 4789.37          +/- 39.91        (0.8333%)
beta            = 106.146          +/- 0.1246       (0.1173%)
r               = 104.903          +/- 0.4593       (0.4378%)
eps             = 23.6207          +/- 0.1761       (0.7454%)


correlation matrix of the fit parameters:

               A      d      beta   r      eps    
A               1.000 
d              -0.820  1.000 
beta            0.010 -0.002  1.000 
r              -0.012 -0.003 -0.059  1.000 
eps            -0.009 -0.191  0.002 -0.004  1.000 


*******************************************************************************
Mon Sep  3 15:31:12 2012


FIT:    data read from "pt2.dat" u 1:4
        format = x:z
	y range restricted to [0.00000 : 360.000]
        #datapoints = 91
        residuals are weighted equally (unit weight)

function used for fitting: c(x)
fitted parameters initialized with current variable values



 Iteration 0
 WSSR        : 1.12696e+09       delta(WSSR)/WSSR   : 0
 delta(WSSR) : 0                 limit for stopping : 1e-05
 lambda	  : 252.237

initial set of free parameter values

A               = 18000
d               = 32000
beta            = 20
r               = -75.0969
eps             = 23.6207

After 6 iterations the fit converged.
final sum of squares of residuals : 5.08961e+08
rel. change during last iteration : -2.83332e-07

degrees of freedom    (FIT_NDF)                        : 86
rms of residuals      (FIT_STDFIT) = sqrt(WSSR/ndf)    : 2432.72
variance of residuals (reduced chisquare) = WSSR/ndf   : 5.91815e+06

Final set of parameters            Asymptotic Standard Error
=======================            ==========================

A               = 15642.5          +/- 361          (2.308%)
d               = 32501.7          +/- 478.3        (1.472%)
beta            = 20.1181          +/- 0.6686       (3.323%)
r               = -77.1848         +/- 2.339        (3.031%)
eps             = 24.7074          +/- 0.9505       (3.847%)


correlation matrix of the fit parameters:

               A      d      beta   r      eps    
A               1.000 
d              -0.822  1.000 
beta            0.016  0.012  1.000 
r              -0.008 -0.034 -0.085  1.000 
eps            -0.002 -0.191  0.014 -0.051  1.000 


*******************************************************************************
Mon Sep  3 15:31:54 2012


FIT:    data read from "pt2.dat" u 1:5
        format = x:z
	y range restricted to [0.00000 : 360.000]
        #datapoints = 91
        residuals are weighted equally (unit weight)

function used for fitting: s(x)
fitted parameters initialized with current variable values



 Iteration 0
 WSSR        : 6.76324e+08       delta(WSSR)/WSSR   : 0
 delta(WSSR) : 0                 limit for stopping : 1e-05
 lambda	  : 219.453

initial set of free parameter values

A               = 15642.5
d               = 2000
beta            = 20.1181
r               = -77.1848
eps             = 24.7074

After 6 iterations the fit converged.
final sum of squares of residuals : 3.15855e+08
rel. change during last iteration : -8.75621e-07

degrees of freedom    (FIT_NDF)                        : 86
rms of residuals      (FIT_STDFIT) = sqrt(WSSR/ndf)    : 1916.44
variance of residuals (reduced chisquare) = WSSR/ndf   : 3.67274e+06

Final set of parameters            Asymptotic Standard Error
=======================            ==========================

A               = 14407.5          +/- 284.3        (1.973%)
d               = 1612.52          +/- 338.5        (20.99%)
beta            = 17.7817          +/- 0.5688       (3.199%)
r               = -71.6905         +/- 2.307        (3.217%)
eps             = 21.096           +/- 0.805        (3.816%)


correlation matrix of the fit parameters:

               A      d      beta   r      eps    
A               1.000 
d              -0.781  1.000 
beta            0.009 -0.014  1.000 
r               0.014 -0.026 -0.062  1.000 
eps            -0.002  0.197 -0.010 -0.011  1.000 


*******************************************************************************
Mon Sep  3 15:32:45 2012


FIT:    data read from 'phiplus.dat'
        format = z
	y range restricted to [0.00000 : 360.000]
        #datapoints = 100
        residuals are weighted equally (unit weight)

function used for fitting: lin(x)
fitted parameters initialized with current variable values



 Iteration 0
 WSSR        : 11137.3           delta(WSSR)/WSSR   : 0
 delta(WSSR) : 0                 limit for stopping : 1e-05
 lambda	  : 1

initial set of free parameter values

c               = 52

After 3 iterations the fit converged.
final sum of squares of residuals : 7.20639
rel. change during last iteration : -1.51377e-09

degrees of freedom    (FIT_NDF)                        : 99
rms of residuals      (FIT_STDFIT) = sqrt(WSSR/ndf)    : 0.2698
variance of residuals (reduced chisquare) = WSSR/ndf   : 0.0727918

Final set of parameters            Asymptotic Standard Error
=======================            ==========================

c               = 62.5499          +/- 0.02698      (0.04313%)


correlation matrix of the fit parameters:

               c      
c               1.000 


*******************************************************************************
Mon Sep  3 15:32:45 2012


FIT:    data read from 'phiminus.dat'
        format = z
	y range restricted to [0.00000 : 360.000]
        #datapoints = 100
        residuals are weighted equally (unit weight)

function used for fitting: f(x)
fitted parameters initialized with current variable values



 Iteration 0
 WSSR        : 6923.52           delta(WSSR)/WSSR   : 0
 delta(WSSR) : 0                 limit for stopping : 1e-05
 lambda	  : 0.709618

initial set of free parameter values

A               = 10
d               = -30
x0              = 280

After 5 iterations the fit converged.
final sum of squares of residuals : 2.18632e-07
rel. change during last iteration : 0

degrees of freedom    (FIT_NDF)                        : 97
rms of residuals      (FIT_STDFIT) = sqrt(WSSR/ndf)    : 4.74757e-05
variance of residuals (reduced chisquare) = WSSR/ndf   : 2.25394e-09

Final set of parameters            Asymptotic Standard Error
=======================            ==========================

A               = 11.6246          +/- 6.743e-06    (5.801e-05%)
d               = -21.8            +/- 4.748e-06    (2.178e-05%)
x0              = 285.121          +/- 3.295e-05    (1.156e-05%)


correlation matrix of the fit parameters:

               A      d      x0     
A               1.000 
d              -0.004  1.000 
x0             -0.003 -0.014  1.000 
