

*******************************************************************************
Thu Sep 27 14:43:26 2012


FIT:    data read from "pt2.dat" u 1:2
        format = x:z
	y range restricted to [0.00000 : 360.000]
        #datapoints = 91
        residuals are weighted equally (unit weight)

function used for fitting: c(x)
fitted parameters initialized with current variable values



 Iteration 0
 WSSR        : 2.64596e+10       delta(WSSR)/WSSR   : 0
 delta(WSSR) : 0                 limit for stopping : 1e-05
 lambda	  : 348.907

initial set of free parameter values

A               = 25000
d               = 2000
eps             = 25
beta            = 120
r               = 100

After 6 iterations the fit converged.
final sum of squares of residuals : 2.45894e+07
rel. change during last iteration : -1.515e-15

degrees of freedom    (FIT_NDF)                        : 86
rms of residuals      (FIT_STDFIT) = sqrt(WSSR/ndf)    : 534.718
variance of residuals (reduced chisquare) = WSSR/ndf   : 285923

Final set of parameters            Asymptotic Standard Error
=======================            ==========================

A               = 23017.6          +/- 79.16        (0.3439%)
d               = 2770.93          +/- 94.63        (3.415%)
eps             = 23.8871          +/- 0.1438       (0.6021%)
beta            = 89.4891          +/- 0.09989      (0.1116%)
r               = 105.369          +/- 0.3582       (0.3399%)


correlation matrix of the fit parameters:

               A      d      eps    beta   r      
A               1.000 
d              -0.773  1.000 
eps             0.016  0.167  1.000 
beta           -0.014  0.049 -0.032  1.000 
r               0.040 -0.154  0.063 -0.043  1.000 


*******************************************************************************
Thu Sep 27 14:44:09 2012


FIT:    data read from "pt2.dat" u 1:3
        format = x:z
	y range restricted to [0.00000 : 360.000]
        #datapoints = 91
        residuals are weighted equally (unit weight)

function used for fitting: s(x)
fitted parameters initialized with current variable values



 Iteration 0
 WSSR        : 1.23492e+09       delta(WSSR)/WSSR   : 0
 delta(WSSR) : 0                 limit for stopping : 1e-05
 lambda	  : 319.746

initial set of free parameter values

A               = 23017.6
d               = 2770.93
eps             = 23.8871
r               = 105.369
beta            = 89.4891

After 5 iterations the fit converged.
final sum of squares of residuals : 2.08322e+08
rel. change during last iteration : -1.64133e-06

degrees of freedom    (FIT_NDF)                        : 86
rms of residuals      (FIT_STDFIT) = sqrt(WSSR/ndf)    : 1556.39
variance of residuals (reduced chisquare) = WSSR/ndf   : 2.42234e+06

Final set of parameters            Asymptotic Standard Error
=======================            ==========================

A               = 24603            +/- 229.9        (0.9344%)
d               = 4061.54          +/- 302.8        (7.456%)
eps             = 23.0244          +/- 0.3878       (1.684%)
r               = 100.385          +/- 1.019        (1.015%)
beta            = 89.6071          +/- 0.2722       (0.3038%)


correlation matrix of the fit parameters:

               A      d      eps    r      beta   
A               1.000 
d              -0.819  1.000 
eps             0.004 -0.181  1.000 
r               0.028  0.053  0.046  1.000 
beta           -0.009 -0.015 -0.023 -0.049  1.000 


*******************************************************************************
Thu Sep 27 14:45:19 2012


FIT:    data read from "pt2.dat" u 1:4
        format = x:z
	y range restricted to [0.00000 : 360.000]
        #datapoints = 91
        residuals are weighted equally (unit weight)

function used for fitting: c(x)
fitted parameters initialized with current variable values



 Iteration 0
 WSSR        : 9.3375e+08        delta(WSSR)/WSSR   : 0
 delta(WSSR) : 0                 limit for stopping : 1e-05
 lambda	  : 419.062

initial set of free parameter values

A               = 30000
d               = 28000
eps             = 23.0244
r               = -79.6149
beta            = 20

After 5 iterations the fit converged.
final sum of squares of residuals : 2.41494e+08
rel. change during last iteration : -8.40003e-06

degrees of freedom    (FIT_NDF)                        : 86
rms of residuals      (FIT_STDFIT) = sqrt(WSSR/ndf)    : 1675.73
variance of residuals (reduced chisquare) = WSSR/ndf   : 2.80807e+06

Final set of parameters            Asymptotic Standard Error
=======================            ==========================

A               = 30056            +/- 248.9        (0.8281%)
d               = 26011.9          +/- 326.9        (1.257%)
eps             = 23.0601          +/- 0.3391       (1.471%)
r               = -73.8432         +/- 0.889        (1.204%)
beta            = 22.1487          +/- 0.2388       (1.078%)


correlation matrix of the fit parameters:

               A      d      eps    r      beta   
A               1.000 
d              -0.822  1.000 
eps            -0.002 -0.184  1.000 
r              -0.003 -0.026 -0.044  1.000 
beta            0.013  0.010  0.005 -0.077  1.000 


*******************************************************************************
Thu Sep 27 14:46:01 2012


FIT:    data read from "pt2.dat" u 1:5
        format = x:z
	y range restricted to [0.00000 : 360.000]
        #datapoints = 91
        residuals are weighted equally (unit weight)

function used for fitting: s(x)
fitted parameters initialized with current variable values



 Iteration 0
 WSSR        : 1.25641e+09       delta(WSSR)/WSSR   : 0
 delta(WSSR) : 0                 limit for stopping : 1e-05
 lambda	  : 420.966

initial set of free parameter values

A               = 30056
d               = 45000
eps             = 23.0601
r               = -73.8432
beta            = 22.1487

After 5 iterations the fit converged.
final sum of squares of residuals : 9.96649e+08
rel. change during last iteration : -4.77104e-06

degrees of freedom    (FIT_NDF)                        : 86
rms of residuals      (FIT_STDFIT) = sqrt(WSSR/ndf)    : 3404.25
variance of residuals (reduced chisquare) = WSSR/ndf   : 1.15889e+07

Final set of parameters            Asymptotic Standard Error
=======================            ==========================

A               = 28196.8          +/- 505.5        (1.793%)
d               = 46762.2          +/- 602.1        (1.287%)
eps             = 21.3199          +/- 0.7336       (3.441%)
r               = -75.2988         +/- 2.06         (2.735%)
beta            = 21.4234          +/- 0.5159       (2.408%)


correlation matrix of the fit parameters:

               A      d      eps    r      beta   
A               1.000 
d              -0.781  1.000 
eps            -0.000  0.191  1.000 
r               0.000  0.034 -0.041  1.000 
beta            0.013 -0.032  0.005 -0.064  1.000 


*******************************************************************************
Thu Sep 27 14:47:21 2012


FIT:    data read from 'phiplus.dat'
        format = z
	y range restricted to [0.00000 : 360.000]
        #datapoints = 100
        residuals are weighted equally (unit weight)

function used for fitting: lin(x)
fitted parameters initialized with current variable values



 Iteration 0
 WSSR        : 1379.39           delta(WSSR)/WSSR   : 0
 delta(WSSR) : 0                 limit for stopping : 1e-05
 lambda	  : 1

initial set of free parameter values

c               = 52

After 3 iterations the fit converged.
final sum of squares of residuals : 31.8499
rel. change during last iteration : -4.14737e-11

degrees of freedom    (FIT_NDF)                        : 99
rms of residuals      (FIT_STDFIT) = sqrt(WSSR/ndf)    : 0.5672
variance of residuals (reduced chisquare) = WSSR/ndf   : 0.321716

Final set of parameters            Asymptotic Standard Error
=======================            ==========================

c               = 55.6709          +/- 0.05672      (0.1019%)


correlation matrix of the fit parameters:

               c      
c               1.000 


*******************************************************************************
Thu Sep 27 14:47:21 2012


FIT:    data read from 'phiminus.dat'
        format = z
	y range restricted to [0.00000 : 360.000]
        #datapoints = 100
        residuals are weighted equally (unit weight)

function used for fitting: f(x)
fitted parameters initialized with current variable values



 Iteration 0
 WSSR        : 17208.8           delta(WSSR)/WSSR   : 0
 delta(WSSR) : 0                 limit for stopping : 1e-05
 lambda	  : 0.709618

initial set of free parameter values

A               = 10
d               = -30
x0              = 280

After 5 iterations the fit converged.
final sum of squares of residuals : 1.80168e-07
rel. change during last iteration : 0

degrees of freedom    (FIT_NDF)                        : 97
rms of residuals      (FIT_STDFIT) = sqrt(WSSR/ndf)    : 4.30976e-05
variance of residuals (reduced chisquare) = WSSR/ndf   : 1.8574e-09

Final set of parameters            Asymptotic Standard Error
=======================            ==========================

A               = 11.4025          +/- 6.122e-06    (5.369e-05%)
d               = -16.9412         +/- 4.31e-06     (2.544e-05%)
x0              = 284.158          +/- 3.05e-05     (1.073e-05%)


correlation matrix of the fit parameters:

               A      d      x0     
A               1.000 
d              -0.003  1.000 
x0             -0.002 -0.014  1.000 
