

*******************************************************************************
Mon Sep  3 12:40:48 2012


FIT:    data read from "pt2.dat" u 1:2
        format = x:z
	y range restricted to [0.00000 : 360.000]
        #datapoints = 91
        residuals are weighted equally (unit weight)

function used for fitting: c(x)
fitted parameters initialized with current variable values



 Iteration 0
 WSSR        : 2.99982e+09       delta(WSSR)/WSSR   : 0
 delta(WSSR) : 0                 limit for stopping : 1e-05
 lambda	  : 626.855

initial set of free parameter values

A               = 45000
d               = 15000
beta            = 90
r               = 100
eps             = 24

After 6 iterations the fit converged.
final sum of squares of residuals : 3.11304e+08
rel. change during last iteration : -1.18677e-07

degrees of freedom    (FIT_NDF)                        : 86
rms of residuals      (FIT_STDFIT) = sqrt(WSSR/ndf)    : 1902.58
variance of residuals (reduced chisquare) = WSSR/ndf   : 3.61982e+06

Final set of parameters            Asymptotic Standard Error
=======================            ==========================

A               = 39553.9          +/- 281.8        (0.7126%)
d               = 16558.6          +/- 336.4        (2.032%)
beta            = 89.3648          +/- 0.2071       (0.2318%)
r               = 105.368          +/- 0.714        (0.6776%)
eps             = 24.9435          +/- 0.2986       (1.197%)


correlation matrix of the fit parameters:

               A      d      beta   r      eps    
A               1.000 
d              -0.770  1.000 
beta           -0.016  0.054  1.000 
r               0.045 -0.164 -0.049  1.000 
eps             0.018  0.171 -0.037  0.068  1.000 


*******************************************************************************
Mon Sep  3 12:42:05 2012


FIT:    data read from "pt2.dat" u 1:3
        format = x:z
	y range restricted to [0.00000 : 360.000]
        #datapoints = 91
        residuals are weighted equally (unit weight)

function used for fitting: s(x)
fitted parameters initialized with current variable values



 Iteration 0
 WSSR        : 3.39761e+09       delta(WSSR)/WSSR   : 0
 delta(WSSR) : 0                 limit for stopping : 1e-05
 lambda	  : 550.623

initial set of free parameter values

A               = 39553.9
d               = 2000
beta            = 89.3648
r               = 105.368
eps             = 24.9435

After 6 iterations the fit converged.
final sum of squares of residuals : 3.47404e+08
rel. change during last iteration : -3.37905e-09

degrees of freedom    (FIT_NDF)                        : 86
rms of residuals      (FIT_STDFIT) = sqrt(WSSR/ndf)    : 2009.87
variance of residuals (reduced chisquare) = WSSR/ndf   : 4.03958e+06

Final set of parameters            Asymptotic Standard Error
=======================            ==========================

A               = 43239.1          +/- 297.3        (0.6877%)
d               = 3230.99          +/- 390.8        (12.1%)
beta            = 88.5225          +/- 0.1998       (0.2257%)
r               = 103.266          +/- 0.7356       (0.7123%)
eps             = 23.2623          +/- 0.2868       (1.233%)


correlation matrix of the fit parameters:

               A      d      beta   r      eps    
A               1.000 
d              -0.818  1.000 
beta           -0.012 -0.021  1.000 
r               0.036  0.073 -0.042  1.000 
eps             0.012 -0.175 -0.029  0.058  1.000 


*******************************************************************************
Mon Sep  3 12:43:14 2012


FIT:    data read from "pt2.dat" u 1:4
        format = x:z
	y range restricted to [0.00000 : 360.000]
        #datapoints = 91
        residuals are weighted equally (unit weight)

function used for fitting: s(x)
fitted parameters initialized with current variable values



 Iteration 0
 WSSR        : 9.17005e+10       delta(WSSR)/WSSR   : 0
 delta(WSSR) : 0                 limit for stopping : 1e-05
 lambda	  : 279.893

initial set of free parameter values

A               = 20000
d               = 78000
beta            = 20
r               = -76.7335
eps             = 23.2623

After 46 iterations the fit converged.
final sum of squares of residuals : 6.72681e+08
rel. change during last iteration : -7.63723e-07

degrees of freedom    (FIT_NDF)                        : 86
rms of residuals      (FIT_STDFIT) = sqrt(WSSR/ndf)    : 2796.76
variance of residuals (reduced chisquare) = WSSR/ndf   : 7.82188e+06

Final set of parameters            Asymptotic Standard Error
=======================            ==========================

A               = -24793.3         +/- 415.9        (1.678%)
d               = 122249           +/- 493.3        (0.4035%)
beta            = 205.23           +/- 0.4832       (0.2354%)
r               = 466.937          +/- 1.737        (0.372%)
eps             = -23.8789         +/- 0.6882       (2.882%)


correlation matrix of the fit parameters:

               A      d      beta   r      eps    
A               1.000 
d              -0.775  1.000 
beta           -0.017  0.044  1.000 
r               0.009 -0.055 -0.084  1.000 
eps            -0.001  0.206 -0.011  0.053  1.000 


*******************************************************************************
Mon Sep  3 12:44:14 2012


FIT:    data read from "pt2.dat" u 1:4
        format = x:z
	y range restricted to [0.00000 : 360.000]
        #datapoints = 91
        residuals are weighted equally (unit weight)

function used for fitting: c(x)
fitted parameters initialized with current variable values



 Iteration 0
 WSSR        : 2.13848e+09       delta(WSSR)/WSSR   : 0
 delta(WSSR) : 0                 limit for stopping : 1e-05
 lambda	  : 347.823

initial set of free parameter values

A               = 24793.3
d               = 75000
beta            = 20
r               = -73.0628
eps             = 23.8789

After 6 iterations the fit converged.
final sum of squares of residuals : 6.72681e+08
rel. change during last iteration : -1.81999e-07

degrees of freedom    (FIT_NDF)                        : 86
rms of residuals      (FIT_STDFIT) = sqrt(WSSR/ndf)    : 2796.76
variance of residuals (reduced chisquare) = WSSR/ndf   : 7.82187e+06

Final set of parameters            Asymptotic Standard Error
=======================            ==========================

A               = 24793.3          +/- 415.9        (1.678%)
d               = 72662.3          +/- 547.1        (0.753%)
beta            = 25.2303          +/- 0.4832       (1.915%)
r               = -73.0491         +/- 1.737        (2.377%)
eps             = 23.8783          +/- 0.6884       (2.883%)


correlation matrix of the fit parameters:

               A      d      beta   r      eps    
A               1.000 
d              -0.822  1.000 
beta            0.014  0.016  1.000 
r              -0.012 -0.034 -0.083  1.000 
eps            -0.001 -0.184  0.011 -0.058  1.000 


*******************************************************************************
Mon Sep  3 12:44:59 2012


FIT:    data read from "pt2.dat" u 1:5
        format = x:z
	y range restricted to [0.00000 : 360.000]
        #datapoints = 91
        residuals are weighted equally (unit weight)

function used for fitting: s(x)
fitted parameters initialized with current variable values



 Iteration 0
 WSSR        : 4.34751e+08       delta(WSSR)/WSSR   : 0
 delta(WSSR) : 0                 limit for stopping : 1e-05
 lambda	  : 347.866

initial set of free parameter values

A               = 24793.3
d               = 2000
beta            = 25.2303
r               = -73.0491
eps             = 23.8783

After 5 iterations the fit converged.
final sum of squares of residuals : 2.34173e+08
rel. change during last iteration : -1.97163e-06

degrees of freedom    (FIT_NDF)                        : 86
rms of residuals      (FIT_STDFIT) = sqrt(WSSR/ndf)    : 1650.13
variance of residuals (reduced chisquare) = WSSR/ndf   : 2.72294e+06

Final set of parameters            Asymptotic Standard Error
=======================            ==========================

A               = 22959.3          +/- 245.4        (1.069%)
d               = 3101.26          +/- 292          (9.415%)
beta            = 25.0139          +/- 0.3071       (1.228%)
r               = -73.7123         +/- 1.168        (1.585%)
eps             = 22.3988          +/- 0.438        (1.955%)


correlation matrix of the fit parameters:

               A      d      beta   r      eps    
A               1.000 
d              -0.779  1.000 
beta            0.013 -0.039  1.000 
r              -0.008  0.055 -0.072  1.000 
eps             0.000  0.193  0.009 -0.054  1.000 


*******************************************************************************
Mon Sep  3 12:45:57 2012


FIT:    data read from 'phiplus.dat'
        format = z
	y range restricted to [0.00000 : 360.000]
        #datapoints = 100
        residuals are weighted equally (unit weight)

function used for fitting: lin(x)
fitted parameters initialized with current variable values



 Iteration 0
 WSSR        : 2555.65           delta(WSSR)/WSSR   : 0
 delta(WSSR) : 0                 limit for stopping : 1e-05
 lambda	  : 1

initial set of free parameter values

c               = 52

After 3 iterations the fit converged.
final sum of squares of residuals : 22.2872
rel. change during last iteration : -1.11395e-10

degrees of freedom    (FIT_NDF)                        : 99
rms of residuals      (FIT_STDFIT) = sqrt(WSSR/ndf)    : 0.474472
variance of residuals (reduced chisquare) = WSSR/ndf   : 0.225123

Final set of parameters            Asymptotic Standard Error
=======================            ==========================

c               = 57.0333          +/- 0.04745      (0.08319%)


correlation matrix of the fit parameters:

               c      
c               1.000 


*******************************************************************************
Mon Sep  3 12:45:57 2012


FIT:    data read from 'phiminus.dat'
        format = z
	y range restricted to [0.00000 : 360.000]
        #datapoints = 100
        residuals are weighted equally (unit weight)

function used for fitting: f(x)
fitted parameters initialized with current variable values



 Iteration 0
 WSSR        : 19982.7           delta(WSSR)/WSSR   : 0
 delta(WSSR) : 0                 limit for stopping : 1e-05
 lambda	  : 0.709618

initial set of free parameter values

A               = 10
d               = -30
x0              = 280

After 5 iterations the fit converged.
final sum of squares of residuals : 1.59794e-07
rel. change during last iteration : -6.68427e-12

degrees of freedom    (FIT_NDF)                        : 97
rms of residuals      (FIT_STDFIT) = sqrt(WSSR/ndf)    : 4.05877e-05
variance of residuals (reduced chisquare) = WSSR/ndf   : 1.64736e-09

Final set of parameters            Asymptotic Standard Error
=======================            ==========================

A               = 11.8066          +/- 5.765e-06    (4.883e-05%)
d               = -15.955          +/- 4.059e-06    (2.544e-05%)
x0              = 285.471          +/- 2.774e-05    (9.717e-06%)


correlation matrix of the fit parameters:

               A      d      x0     
A               1.000 
d              -0.004  1.000 
x0             -0.003 -0.014  1.000 
