

*******************************************************************************
Mon Sep  3 16:17:47 2012


FIT:    data read from "pt2.dat" u 1:2
        format = x:z
	y range restricted to [0.00000 : 360.000]
        #datapoints = 91
        residuals are weighted equally (unit weight)

function used for fitting: c(x)
fitted parameters initialized with current variable values



 Iteration 0
 WSSR        : 1.57387e+09       delta(WSSR)/WSSR   : 0
 delta(WSSR) : 0                 limit for stopping : 1e-05
 lambda	  : 62.0672

initial set of free parameter values

A               = 4500
d               = 75000
beta            = 90
r               = 120
eps             = 24

After 6 iterations the fit converged.
final sum of squares of residuals : 9.43787e+06
rel. change during last iteration : -8.25168e-08

degrees of freedom    (FIT_NDF)                        : 86
rms of residuals      (FIT_STDFIT) = sqrt(WSSR/ndf)    : 331.274
variance of residuals (reduced chisquare) = WSSR/ndf   : 109743

Final set of parameters            Asymptotic Standard Error
=======================            ==========================

A               = 3476.06          +/- 49.62        (1.427%)
d               = 75616.4          +/- 60.78        (0.08038%)
beta            = 137.584          +/- 0.4035       (0.2933%)
r               = 106.821          +/- 1.559        (1.459%)
eps             = 21.2076          +/- 0.6014       (2.836%)


correlation matrix of the fit parameters:

               A      d      beta   r      eps    
A               1.000 
d              -0.792  1.000 
beta            0.010 -0.057  1.000 
r              -0.026  0.203  0.019  1.000 
eps             0.032  0.062  0.027 -0.054  1.000 


*******************************************************************************
Mon Sep  3 16:19:12 2012


FIT:    data read from "pt2.dat" u 1:3
        format = x:z
	y range restricted to [0.00000 : 360.000]
        #datapoints = 91
        residuals are weighted equally (unit weight)

function used for fitting: s(x)
fitted parameters initialized with current variable values



 Iteration 0
 WSSR        : 6.44666e+07       delta(WSSR)/WSSR   : 0
 delta(WSSR) : 0                 limit for stopping : 1e-05
 lambda	  : 47.9368

initial set of free parameter values

A               = 3476.06
d               = 144000
beta            = 137.584
r               = 106.821
eps             = 21.2076

After 4 iterations the fit converged.
final sum of squares of residuals : 2.40887e+07
rel. change during last iteration : -1.27825e-06

degrees of freedom    (FIT_NDF)                        : 86
rms of residuals      (FIT_STDFIT) = sqrt(WSSR/ndf)    : 529.246
variance of residuals (reduced chisquare) = WSSR/ndf   : 280101

Final set of parameters            Asymptotic Standard Error
=======================            ==========================

A               = 3880.88          +/- 79.45        (2.047%)
d               = 144180           +/- 101.2        (0.07017%)
beta            = 138.544          +/- 0.5772       (0.4166%)
r               = 105.349          +/- 2.079        (1.974%)
eps             = 22.6872          +/- 0.868        (3.826%)


correlation matrix of the fit parameters:

               A      d      beta   r      eps    
A               1.000 
d              -0.807  1.000 
beta            0.011  0.045  1.000 
r              -0.026 -0.172  0.023  1.000 
eps             0.043 -0.108  0.027 -0.052  1.000 


*******************************************************************************
Mon Sep  3 16:21:04 2012


FIT:    data read from "pt2.dat" u 1:5
        format = x:z
	y range restricted to [0.00000 : 360.000]
        #datapoints = 91
        residuals are weighted equally (unit weight)

function used for fitting: s(x)
fitted parameters initialized with current variable values



 Iteration 0
 WSSR        : 2.8237e+06        delta(WSSR)/WSSR   : 0
 delta(WSSR) : 0                 limit for stopping : 1e-05
 lambda	  : 5.56129

initial set of free parameter values

A               = 400
d               = 4200
beta            = 50
r               = -74.6509
eps             = 22.6872

After 4 iterations the fit converged.
final sum of squares of residuals : 490986
rel. change during last iteration : -8.36089e-06

degrees of freedom    (FIT_NDF)                        : 86
rms of residuals      (FIT_STDFIT) = sqrt(WSSR/ndf)    : 75.5589
variance of residuals (reduced chisquare) = WSSR/ndf   : 5709.14

Final set of parameters            Asymptotic Standard Error
=======================            ==========================

A               = 269.737          +/- 11.31        (4.194%)
d               = 4375.49          +/- 14.44        (0.33%)
beta            = 64.4244          +/- 1.191        (1.848%)
r               = -77.3554         +/- 3.954        (5.112%)
eps             = 24.265           +/- 1.803        (7.43%)


correlation matrix of the fit parameters:

               A      d      beta   r      eps    
A               1.000 
d              -0.807  1.000 
beta           -0.014 -0.057  1.000 
r              -0.000  0.201 -0.005  1.000 
eps             0.055 -0.091 -0.020  0.027  1.000 


*******************************************************************************
Mon Sep  3 16:21:52 2012


FIT:    data read from "pt2.dat" u 1:4
        format = x:z
	y range restricted to [0.00000 : 360.000]
        #datapoints = 91
        residuals are weighted equally (unit weight)

function used for fitting: c(x)
fitted parameters initialized with current variable values



 Iteration 0
 WSSR        : 2.44469e+06       delta(WSSR)/WSSR   : 0
 delta(WSSR) : 0                 limit for stopping : 1e-05
 lambda	  : 3.78228

initial set of free parameter values

A               = 269.737
d               = 23000
beta            = 64.4244
r               = -77.3554
eps             = 24.265

After 4 iterations the fit converged.
final sum of squares of residuals : 2.06988e+06
rel. change during last iteration : -4.00443e-07

degrees of freedom    (FIT_NDF)                        : 86
rms of residuals      (FIT_STDFIT) = sqrt(WSSR/ndf)    : 155.14
variance of residuals (reduced chisquare) = WSSR/ndf   : 24068.4

Final set of parameters            Asymptotic Standard Error
=======================            ==========================

A               = 233.624          +/- 23.24        (9.948%)
d               = 23096.3          +/- 28.31        (0.1226%)
beta            = 63.9139          +/- 2.824        (4.419%)
r               = -82.79           +/- 9.235        (11.15%)
eps             = 24.8058          +/- 4.261        (17.18%)


correlation matrix of the fit parameters:

               A      d      beta   r      eps    
A               1.000 
d              -0.785  1.000 
beta           -0.019  0.087  1.000 
r               0.014 -0.210 -0.017  1.000 
eps             0.053  0.039 -0.031  0.052  1.000 


*******************************************************************************
Mon Sep  3 16:23:02 2012


FIT:    data read from 'phiplus.dat'
        format = z
	y range restricted to [0.00000 : 360.000]
        #datapoints = 100
        residuals are weighted equally (unit weight)

function used for fitting: lin(x)
fitted parameters initialized with current variable values



 Iteration 0
 WSSR        : 241272            delta(WSSR)/WSSR   : 0
 delta(WSSR) : 0                 limit for stopping : 1e-05
 lambda	  : 1

initial set of free parameter values

c               = 52

After 3 iterations the fit converged.
final sum of squares of residuals : 159.229
rel. change during last iteration : -1.48411e-09

degrees of freedom    (FIT_NDF)                        : 99
rms of residuals      (FIT_STDFIT) = sqrt(WSSR/ndf)    : 1.26822
variance of residuals (reduced chisquare) = WSSR/ndf   : 1.60838

Final set of parameters            Asymptotic Standard Error
=======================            ==========================

c               = 101.103          +/- 0.1268       (0.1254%)


correlation matrix of the fit parameters:

               c      
c               1.000 


*******************************************************************************
Mon Sep  3 16:23:02 2012


FIT:    data read from 'phiminus.dat'
        format = z
	y range restricted to [0.00000 : 360.000]
        #datapoints = 100
        residuals are weighted equally (unit weight)

function used for fitting: f(x)
fitted parameters initialized with current variable values



 Iteration 0
 WSSR        : 13445.6           delta(WSSR)/WSSR   : 0
 delta(WSSR) : 0                 limit for stopping : 1e-05
 lambda	  : 0.709618

initial set of free parameter values

A               = 10
d               = -30
x0              = 280

After 4 iterations the fit converged.
final sum of squares of residuals : 1.82848e-07
rel. change during last iteration : -1.97122e-09

degrees of freedom    (FIT_NDF)                        : 97
rms of residuals      (FIT_STDFIT) = sqrt(WSSR/ndf)    : 4.3417e-05
variance of residuals (reduced chisquare) = WSSR/ndf   : 1.88503e-09

Final set of parameters            Asymptotic Standard Error
=======================            ==========================

A               = 11.5984          +/- 6.168e-06    (5.318e-05%)
d               = -18.4738         +/- 4.342e-06    (2.35e-05%)
x0              = 282.807          +/- 3.02e-05     (1.068e-05%)


correlation matrix of the fit parameters:

               A      d      x0     
A               1.000 
d              -0.003  1.000 
x0             -0.002 -0.014  1.000 
