

*******************************************************************************
Thu Sep 27 13:26:15 2012


FIT:    data read from "pt2.dat" u 1:2
        format = x:z
	y range restricted to [0.00000 : 360.000]
        #datapoints = 91
        residuals are weighted equally (unit weight)

function used for fitting: c(x)
fitted parameters initialized with current variable values



 Iteration 0
 WSSR        : 2.3481e+10        delta(WSSR)/WSSR   : 0
 delta(WSSR) : 0                 limit for stopping : 1e-05
 lambda	  : 585.16

initial set of free parameter values

A               = 42000
d               = 2000
eps             = 25
beta            = 110
r               = 90

After 6 iterations the fit converged.
final sum of squares of residuals : 3.70815e+07
rel. change during last iteration : -7.5822e-10

degrees of freedom    (FIT_NDF)                        : 86
rms of residuals      (FIT_STDFIT) = sqrt(WSSR/ndf)    : 656.644
variance of residuals (reduced chisquare) = WSSR/ndf   : 431181

Final set of parameters            Asymptotic Standard Error
=======================            ==========================

A               = 41065.2          +/- 96.96        (0.2361%)
d               = 2458.1           +/- 115.4        (4.695%)
eps             = 23.4831          +/- 0.09812      (0.4178%)
beta            = 94.2321          +/- 0.06887      (0.07309%)
r               = 105.003          +/- 0.2533       (0.2412%)


correlation matrix of the fit parameters:

               A      d      eps    beta   r      
A               1.000 
d              -0.771  1.000 
eps             0.004  0.196  1.000 
beta           -0.007  0.031 -0.025  1.000 
r               0.026 -0.103  0.049 -0.052  1.000 


*******************************************************************************
Thu Sep 27 13:27:52 2012


FIT:    data read from "pt2.dat" u 1:3
        format = x:z
	y range restricted to [0.00000 : 360.000]
        #datapoints = 91
        residuals are weighted equally (unit weight)

function used for fitting: s(x)
fitted parameters initialized with current variable values



 Iteration 0
 WSSR        : 1.64945e+09       delta(WSSR)/WSSR   : 0
 delta(WSSR) : 0                 limit for stopping : 1e-05
 lambda	  : 571.236

initial set of free parameter values

A               = 41065.2
d               = 2458.1
eps             = 23.4831
r               = 105.003
beta            = 94.2321

After 6 iterations the fit converged.
final sum of squares of residuals : 2.6278e+08
rel. change during last iteration : -2.04141e-15

degrees of freedom    (FIT_NDF)                        : 86
rms of residuals      (FIT_STDFIT) = sqrt(WSSR/ndf)    : 1748.02
variance of residuals (reduced chisquare) = WSSR/ndf   : 3.05559e+06

Final set of parameters            Asymptotic Standard Error
=======================            ==========================

A               = 44156.5          +/- 257.9        (0.5842%)
d               = 2210.2           +/- 340.3        (15.4%)
eps             = 22.9529          +/- 0.2419       (1.054%)
r               = 102.051          +/- 0.6422       (0.6293%)
beta            = 93.8658          +/- 0.1705       (0.1816%)


correlation matrix of the fit parameters:

               A      d      eps    r      beta   
A               1.000 
d              -0.820  1.000 
eps            -0.000 -0.184  1.000 
r               0.019  0.041  0.038  1.000 
beta           -0.005 -0.013 -0.019 -0.053  1.000 


*******************************************************************************
Thu Sep 27 13:28:57 2012


FIT:    data read from "pt2.dat" u 1:4
        format = x:z
	y range restricted to [0.00000 : 360.000]
        #datapoints = 91
        residuals are weighted equally (unit weight)

function used for fitting: c(x)
fitted parameters initialized with current variable values



 Iteration 0
 WSSR        : 4.87547e+09       delta(WSSR)/WSSR   : 0
 delta(WSSR) : 0                 limit for stopping : 1e-05
 lambda	  : 617.245

initial set of free parameter values

A               = 44156.5
d               = 2210.2
eps             = 22.9529
r               = -77.9489
beta            = 20

After 6 iterations the fit converged.
final sum of squares of residuals : 3.05304e+08
rel. change during last iteration : -1.93591e-07

degrees of freedom    (FIT_NDF)                        : 86
rms of residuals      (FIT_STDFIT) = sqrt(WSSR/ndf)    : 1884.16
variance of residuals (reduced chisquare) = WSSR/ndf   : 3.55005e+06

Final set of parameters            Asymptotic Standard Error
=======================            ==========================

A               = 45629.7          +/- 279.5        (0.6125%)
d               = 7515.17          +/- 367          (4.883%)
eps             = 22.648           +/- 0.251        (1.108%)
r               = -75.7861         +/- 0.6712       (0.8857%)
beta            = 19.0226          +/- 0.177        (0.9302%)


correlation matrix of the fit parameters:

               A      d      eps    r      beta   
A               1.000 
d              -0.821  1.000 
eps            -0.002 -0.184  1.000 
r               0.002 -0.023 -0.035  1.000 
beta            0.012  0.007  0.004 -0.071  1.000 


*******************************************************************************
Thu Sep 27 13:29:43 2012


FIT:    data read from "pt2.dat" u 1:5
        format = x:z
	y range restricted to [0.00000 : 360.000]
        #datapoints = 91
        residuals are weighted equally (unit weight)

function used for fitting: s(x)
fitted parameters initialized with current variable values



 Iteration 0
 WSSR        : 1.99842e+09       delta(WSSR)/WSSR   : 0
 delta(WSSR) : 0                 limit for stopping : 1e-05
 lambda	  : 638.033

initial set of free parameter values

A               = 45629.7
d               = 7515.17
eps             = 22.648
r               = -75.7861
beta            = 19.0226

After 6 iterations the fit converged.
final sum of squares of residuals : 4.96847e+08
rel. change during last iteration : -2.31373e-07

degrees of freedom    (FIT_NDF)                        : 86
rms of residuals      (FIT_STDFIT) = sqrt(WSSR/ndf)    : 2403.6
variance of residuals (reduced chisquare) = WSSR/ndf   : 5.77729e+06

Final set of parameters            Asymptotic Standard Error
=======================            ==========================

A               = 44786.1          +/- 356.4        (0.7959%)
d               = 4209.43          +/- 423.9        (10.07%)
eps             = 21.6854          +/- 0.3255       (1.501%)
r               = -75.0235         +/- 0.9073       (1.209%)
beta            = 18.247           +/- 0.2297       (1.259%)


correlation matrix of the fit parameters:

               A      d      eps    r      beta   
A               1.000 
d              -0.779  1.000 
eps            -0.002  0.201  1.000 
r               0.007  0.006 -0.026  1.000 
beta            0.011 -0.023 -0.001 -0.065  1.000 


*******************************************************************************
Thu Sep 27 13:31:15 2012


FIT:    data read from 'phiplus.dat'
        format = z
	y range restricted to [0.00000 : 360.000]
        #datapoints = 100
        residuals are weighted equally (unit weight)

function used for fitting: lin(x)
fitted parameters initialized with current variable values



 Iteration 0
 WSSR        : 1901.83           delta(WSSR)/WSSR   : 0
 delta(WSSR) : 0                 limit for stopping : 1e-05
 lambda	  : 1

initial set of free parameter values

c               = 52

After 3 iterations the fit converged.
final sum of squares of residuals : 15.4502
rel. change during last iteration : -1.19664e-10

degrees of freedom    (FIT_NDF)                        : 99
rms of residuals      (FIT_STDFIT) = sqrt(WSSR/ndf)    : 0.395048
variance of residuals (reduced chisquare) = WSSR/ndf   : 0.156063

Final set of parameters            Asymptotic Standard Error
=======================            ==========================

c               = 56.3432          +/- 0.0395       (0.07011%)


correlation matrix of the fit parameters:

               c      
c               1.000 


*******************************************************************************
Thu Sep 27 13:31:15 2012


FIT:    data read from 'phiminus.dat'
        format = z
	y range restricted to [0.00000 : 360.000]
        #datapoints = 100
        residuals are weighted equally (unit weight)

function used for fitting: f(x)
fitted parameters initialized with current variable values



 Iteration 0
 WSSR        : 12565.1           delta(WSSR)/WSSR   : 0
 delta(WSSR) : 0                 limit for stopping : 1e-05
 lambda	  : 0.709618

initial set of free parameter values

A               = 10
d               = -30
x0              = 280

After 5 iterations the fit converged.
final sum of squares of residuals : 1.57952e-07
rel. change during last iteration : -1.42561e-12

degrees of freedom    (FIT_NDF)                        : 97
rms of residuals      (FIT_STDFIT) = sqrt(WSSR/ndf)    : 4.03531e-05
variance of residuals (reduced chisquare) = WSSR/ndf   : 1.62838e-09

Final set of parameters            Asymptotic Standard Error
=======================            ==========================

A               = 11.3437          +/- 5.732e-06    (5.053e-05%)
d               = -18.8538         +/- 4.036e-06    (2.141e-05%)
x0              = 284.052          +/- 2.87e-05     (1.01e-05%)


correlation matrix of the fit parameters:

               A      d      x0     
A               1.000 
d              -0.003  1.000 
x0             -0.002 -0.014  1.000 
