

*******************************************************************************
Mon Sep  3 13:42:52 2012


FIT:    data read from "pt2.dat" u 1:2
        format = x:z
	y range restricted to [0.00000 : 360.000]
        #datapoints = 91
        residuals are weighted equally (unit weight)

function used for fitting: c(x)
fitted parameters initialized with current variable values



 Iteration 0
 WSSR        : 2.07554e+09       delta(WSSR)/WSSR   : 0
 delta(WSSR) : 0                 limit for stopping : 1e-05
 lambda	  : 696.506

initial set of free parameter values

A               = 50000
d               = 130000
beta            = 90
r               = 100
eps             = 24

After 5 iterations the fit converged.
final sum of squares of residuals : 5.55765e+08
rel. change during last iteration : -5.90474e-07

degrees of freedom    (FIT_NDF)                        : 86
rms of residuals      (FIT_STDFIT) = sqrt(WSSR/ndf)    : 2542.12
variance of residuals (reduced chisquare) = WSSR/ndf   : 6.46238e+06

Final set of parameters            Asymptotic Standard Error
=======================            ==========================

A               = 49961.8          +/- 376.3        (0.7532%)
d               = 129721           +/- 450.1        (0.347%)
beta            = 92.2116          +/- 0.2187       (0.2372%)
r               = 108.763          +/- 0.7865       (0.7231%)
eps             = 23.7761          +/- 0.3154       (1.326%)


correlation matrix of the fit parameters:

               A      d      beta   r      eps    
A               1.000 
d              -0.773  1.000 
beta           -0.013  0.048  1.000 
r               0.039 -0.156 -0.042  1.000 
eps             0.017  0.163 -0.033  0.065  1.000 


*******************************************************************************
Mon Sep  3 13:44:01 2012


FIT:    data read from "pt2.dat" u 1:3
        format = x:z
	y range restricted to [0.00000 : 360.000]
        #datapoints = 91
        residuals are weighted equally (unit weight)

function used for fitting: s(x)
fitted parameters initialized with current variable values



 Iteration 0
 WSSR        : 2.87971e+09       delta(WSSR)/WSSR   : 0
 delta(WSSR) : 0                 limit for stopping : 1e-05
 lambda	  : 693.499

initial set of free parameter values

A               = 49961.8
d               = 5000
beta            = 92.2116
r               = 108.763
eps             = 23.7761

After 6 iterations the fit converged.
final sum of squares of residuals : 1.19546e+08
rel. change during last iteration : -1.26781e-09

degrees of freedom    (FIT_NDF)                        : 86
rms of residuals      (FIT_STDFIT) = sqrt(WSSR/ndf)    : 1179.01
variance of residuals (reduced chisquare) = WSSR/ndf   : 1.39007e+06

Final set of parameters            Asymptotic Standard Error
=======================            ==========================

A               = 54930.1          +/- 174.1        (0.3169%)
d               = 3144.18          +/- 229          (7.284%)
beta            = 92.565           +/- 0.09234      (0.09976%)
r               = 103.131          +/- 0.3507       (0.34%)
eps             = 22.6628          +/- 0.1315       (0.5801%)


correlation matrix of the fit parameters:

               A      d      beta   r      eps    
A               1.000 
d              -0.819  1.000 
beta           -0.007 -0.015  1.000 
r               0.024  0.052 -0.047  1.000 
eps             0.004 -0.179 -0.022  0.045  1.000 


*******************************************************************************
Mon Sep  3 13:45:12 2012


FIT:    data read from "pt2.dat" u 1:4
        format = x:z
	y range restricted to [0.00000 : 360.000]
        #datapoints = 91
        residuals are weighted equally (unit weight)

function used for fitting: c(x)
fitted parameters initialized with current variable values



 Iteration 0
 WSSR        : 7.47061e+08       delta(WSSR)/WSSR   : 0
 delta(WSSR) : 0                 limit for stopping : 1e-05
 lambda	  : 167.732

initial set of free parameter values

A               = 12000
d               = 3144.18
beta            = 20
r               = -76.8689
eps             = 22.6628

After 5 iterations the fit converged.
final sum of squares of residuals : 5.46319e+07
rel. change during last iteration : -3.85967e-06

degrees of freedom    (FIT_NDF)                        : 86
rms of residuals      (FIT_STDFIT) = sqrt(WSSR/ndf)    : 797.029
variance of residuals (reduced chisquare) = WSSR/ndf   : 635255

Final set of parameters            Asymptotic Standard Error
=======================            ==========================

A               = 11298.7          +/- 118.4        (1.048%)
d               = 1422.84          +/- 153.8        (10.81%)
beta            = 22.1537          +/- 0.3011       (1.359%)
r               = -75.4931         +/- 1.229        (1.628%)
eps             = 20.7742          +/- 0.4287       (2.064%)


correlation matrix of the fit parameters:

               A      d      beta   r      eps    
A               1.000 
d              -0.821  1.000 
beta            0.013  0.011  1.000 
r              -0.000 -0.036 -0.060  1.000 
eps             0.001 -0.170  0.006 -0.043  1.000 


*******************************************************************************
Mon Sep  3 13:45:54 2012


FIT:    data read from "pt2.dat" u 1:5
        format = x:z
	y range restricted to [0.00000 : 360.000]
        #datapoints = 91
        residuals are weighted equally (unit weight)

function used for fitting: s(x)
fitted parameters initialized with current variable values



 Iteration 0
 WSSR        : 4.10034e+08       delta(WSSR)/WSSR   : 0
 delta(WSSR) : 0                 limit for stopping : 1e-05
 lambda	  : 157.406

initial set of free parameter values

A               = 11298.7
d               = 1422.84
beta            = 22.1537
r               = -75.4931
eps             = 20.7742

After 5 iterations the fit converged.
final sum of squares of residuals : 3.14887e+08
rel. change during last iteration : -2.60371e-06

degrees of freedom    (FIT_NDF)                        : 86
rms of residuals      (FIT_STDFIT) = sqrt(WSSR/ndf)    : 1913.5
variance of residuals (reduced chisquare) = WSSR/ndf   : 3.66148e+06

Final set of parameters            Asymptotic Standard Error
=======================            ==========================

A               = 10607.5          +/- 284          (2.677%)
d               = 1714.47          +/- 339          (19.77%)
beta            = 19.2062          +/- 0.7698       (4.008%)
r               = -70.4745         +/- 3.297        (4.678%)
eps             = 19.8456          +/- 1.09         (5.493%)


correlation matrix of the fit parameters:

               A      d      beta   r      eps    
A               1.000 
d              -0.785  1.000 
beta            0.009 -0.015  1.000 
r               0.013 -0.025 -0.056  1.000 
eps            -0.000  0.185 -0.010 -0.013  1.000 


*******************************************************************************
Mon Sep  3 13:46:45 2012


FIT:    data read from 'phiplus.dat'
        format = z
	y range restricted to [0.00000 : 360.000]
        #datapoints = 100
        residuals are weighted equally (unit weight)

function used for fitting: lin(x)
fitted parameters initialized with current variable values



 Iteration 0
 WSSR        : 2160.28           delta(WSSR)/WSSR   : 0
 delta(WSSR) : 0                 limit for stopping : 1e-05
 lambda	  : 1

initial set of free parameter values

c               = 52

After 3 iterations the fit converged.
final sum of squares of residuals : 105.846
rel. change during last iteration : -1.90289e-11

degrees of freedom    (FIT_NDF)                        : 99
rms of residuals      (FIT_STDFIT) = sqrt(WSSR/ndf)    : 1.034
variance of residuals (reduced chisquare) = WSSR/ndf   : 1.06915

Final set of parameters            Asymptotic Standard Error
=======================            ==========================

c               = 56.5326          +/- 0.1034       (0.1829%)


correlation matrix of the fit parameters:

               c      
c               1.000 


*******************************************************************************
Mon Sep  3 13:46:45 2012


FIT:    data read from 'phiminus.dat'
        format = z
	y range restricted to [0.00000 : 360.000]
        #datapoints = 100
        residuals are weighted equally (unit weight)

function used for fitting: f(x)
fitted parameters initialized with current variable values



 Iteration 0
 WSSR        : 14714.5           delta(WSSR)/WSSR   : 0
 delta(WSSR) : 0                 limit for stopping : 1e-05
 lambda	  : 0.709618

initial set of free parameter values

A               = 10
d               = -30
x0              = 280

After 5 iterations the fit converged.
final sum of squares of residuals : 1.60063e-07
rel. change during last iteration : -3.65943e-11

degrees of freedom    (FIT_NDF)                        : 97
rms of residuals      (FIT_STDFIT) = sqrt(WSSR/ndf)    : 4.06218e-05
variance of residuals (reduced chisquare) = WSSR/ndf   : 1.65013e-09

Final set of parameters            Asymptotic Standard Error
=======================            ==========================

A               = 10.8703          +/- 5.769e-06    (5.307e-05%)
d               = -17.9275         +/- 4.063e-06    (2.266e-05%)
x0              = 286.456          +/- 3.016e-05    (1.053e-05%)


correlation matrix of the fit parameters:

               A      d      x0     
A               1.000 
d              -0.004  1.000 
x0             -0.003 -0.013  1.000 
